# JRE version: OpenJDK Runtime Environment Temurin-17.0.19+10 (17.0.19+10) (build 17.0.19+10)
# Java VM: OpenJDK 64-Bit Server VM Temurin-17.0.19+10 (17.0.19+10, mixed mode, sharing, tiered, compressed oops, compressed class ptrs, g1 gc, windows-amd64)
GC Precious Log:
 CPUs: 6 total, 6 available
 Memory: 7367M
 Large Page Support: Disabled
 NUMA Support: Disabled
 Compressed Oops: Enabled (Zero based)
 Heap Region Size: 2M
 Heap Min Capacity: 8M
 Heap Initial Capacity: 116M
 Heap Max Capacity: 3G
 Pre-touch: Disabled
 Parallel Workers: 6
 Concurrent Workers: 2
 Concurrent Refinement Workers: 6
 Periodic GC: Disabled
Heap:
 garbage-first heap   total 720896K, used 401648K [0x0000000740000000, 0x0000000800000000)
  region size 2048K, 7 young (14336K), 7 survivors (14336K)
 Metaspace       used 129163K, committed 131520K, reserved 983040K
  class space    used 17718K, committed 18752K, reserved 851968K
GC Heap History (20 events):
Event: 37.658 GC heap after
{Heap after GC invocations=75 (full 0):
 garbage-first heap   total 471040K, used 327025K [0x0000000740000000, 0x0000000800000000)
  region size 2048K, 4 young (8192K), 4 survivors (8192K)
 Metaspace       used 114457K, committed 116224K, reserved 983040K
  class space    used 15769K, committed 16576K, reserved 851968K
}
Event: 38.006 GC heap before
{Heap before GC invocations=75 (full 0):
 garbage-first heap   total 471040K, used 398705K [0x0000000740000000, 0x0000000800000000)
  region size 2048K, 40 young (81920K), 4 survivors (8192K)
 Metaspace       used 114635K, committed 116352K, reserved 983040K
  class space    used 15795K, committed 16576K, reserved 851968K
}
Event: 38.020 GC heap after
{Heap after GC invocations=76 (full 0):
 garbage-first heap   total 471040K, used 332341K [0x0000000740000000, 0x0000000800000000)
  region size 2048K, 4 young (8192K), 4 survivors (8192K)
 Metaspace       used 114635K, committed 116352K, reserved 983040K
  class space    used 15795K, committed 16576K, reserved 851968K
}
Event: 38.166 GC heap before
{Heap before GC invocations=76 (full 0):
 garbage-first heap   total 471040K, used 397877K [0x0000000740000000, 0x0000000800000000)
  region size 2048K, 37 young (75776K), 4 survivors (8192K)
 Metaspace       used 114635K, committed 116352K, reserved 983040K
  class space    used 15795K, committed 16576K, reserved 851968K
}
Event: 38.173 GC heap after
{Heap after GC invocations=77 (full 0):
 garbage-first heap   total 565248K, used 333857K [0x0000000740000000, 0x0000000800000000)
  region size 2048K, 2 young (4096K), 2 survivors (4096K)
 Metaspace       used 114635K, committed 116352K, reserved 983040K
  class space    used 15795K, committed 16576K, reserved 851968K
}
Event: 38.683 GC heap before
{Heap before GC invocations=77 (full 0):
 garbage-first heap   total 565248K, used 469025K [0x0000000740000000, 0x0000000800000000)
  region size 2048K, 69 young (141312K), 2 survivors (4096K)
 Metaspace       used 114737K, committed 116608K, reserved 983040K
  class space    used 15809K, committed 16640K, reserved 851968K
}
Event: 38.695 GC heap after
{Heap after GC invocations=78 (full 0):
 garbage-first heap   total 565248K, used 338760K [0x0000000740000000, 0x0000000800000000)
  region size 2048K, 5 young (10240K), 5 survivors (10240K)
 Metaspace       used 114737K, committed 116608K, reserved 983040K
  class space    used 15809K, committed 16640K, reserved 851968K
}
Event: 39.675 GC heap before
{Heap before GC invocations=78 (full 0):
 garbage-first heap   total 565248K, used 473928K [0x0000000740000000, 0x0000000800000000)
  region size 2048K, 72 young (147456K), 5 survivors (10240K)
 Metaspace       used 115382K, committed 117184K, reserved 983040K
  class space    used 15898K, committed 16704K, reserved 851968K
}
Event: 39.718 GC heap after
{Heap after GC invocations=79 (full 0):
 garbage-first heap   total 565248K, used 352941K [0x0000000740000000, 0x0000000800000000)
  region size 2048K, 9 young (18432K), 9 survivors (18432K)
 Metaspace       used 115382K, committed 117184K, reserved 983040K
  class space    used 15898K, committed 16704K, reserved 851968K
}
Event: 41.138 GC heap before
{Heap before GC invocations=79 (full 0):
 garbage-first heap   total 565248K, used 469677K [0x0000000740000000, 0x0000000800000000)
  region size 2048K, 67 young (137216K), 9 survivors (18432K)
 Metaspace       used 118527K, committed 120512K, reserved 983040K
  class space    used 16279K, committed 17152K, reserved 851968K
}
Event: 41.172 GC heap after
{Heap after GC invocations=80 (full 0):
 garbage-first heap   total 565248K, used 375511K [0x0000000740000000, 0x0000000800000000)
  region size 2048K, 9 young (18432K), 9 survivors (18432K)
 Metaspace       used 118527K, committed 120512K, reserved 983040K
  class space    used 16279K, committed 17152K, reserved 851968K
}
Event: 42.235 GC heap before
{Heap before GC invocations=80 (full 0):
 garbage-first heap   total 565248K, used 469719K [0x0000000740000000, 0x0000000800000000)
  region size 2048K, 55 young (112640K), 9 survivors (18432K)
 Metaspace       used 125721K, committed 127744K, reserved 983040K
  class space    used 17235K, committed 18112K, reserved 851968K
}
Event: 42.255 GC heap after
{Heap after GC invocations=81 (full 0):
 garbage-first heap   total 565248K, used 383845K [0x0000000740000000, 0x0000000800000000)
  region size 2048K, 4 young (8192K), 4 survivors (8192K)
 Metaspace       used 125721K, committed 127744K, reserved 983040K
  class space    used 17235K, committed 18112K, reserved 851968K
}
Event: 42.489 GC heap before
{Heap before GC invocations=81 (full 0):
 garbage-first heap   total 565248K, used 404325K [0x0000000740000000, 0x0000000800000000)
  region size 2048K, 15 young (30720K), 4 survivors (8192K)
 Metaspace       used 126182K, committed 128256K, reserved 983040K
  class space    used 17305K, committed 18240K, reserved 851968K
}
Event: 42.499 GC heap after
{Heap after GC invocations=82 (full 0):
 garbage-first heap   total 565248K, used 385623K [0x0000000740000000, 0x0000000800000000)
  region size 2048K, 5 young (10240K), 5 survivors (10240K)
 Metaspace       used 126182K, committed 128256K, reserved 983040K
  class space    used 17305K, committed 18240K, reserved 851968K
}
Event: 43.237 GC heap before
{Heap before GC invocations=83 (full 0):
 garbage-first heap   total 720896K, used 459351K [0x0000000740000000, 0x0000000800000000)
  region size 2048K, 41 young (83968K), 5 survivors (10240K)
 Metaspace       used 127181K, committed 129536K, reserved 983040K
  class space    used 17498K, committed 18560K, reserved 851968K
}
Event: 43.270 GC heap after
{Heap after GC invocations=84 (full 0):
 garbage-first heap   total 720896K, used 395264K [0x0000000740000000, 0x0000000800000000)
  region size 2048K, 6 young (12288K), 6 survivors (12288K)
 Metaspace       used 127181K, committed 129536K, reserved 983040K
  class space    used 17498K, committed 18560K, reserved 851968K
}
Event: 43.448 GC heap before
{Heap before GC invocations=84 (full 0):
 garbage-first heap   total 720896K, used 417792K [0x0000000740000000, 0x0000000800000000)
  region size 2048K, 17 young (34816K), 6 survivors (12288K)
 Metaspace       used 127330K, committed 129728K, reserved 983040K
  class space    used 17524K, committed 18560K, reserved 851968K
}
Event: 43.468 GC heap after
{Heap after GC invocations=85 (full 0):
 garbage-first heap   total 720896K, used 392914K [0x0000000740000000, 0x0000000800000000)
  region size 2048K, 3 young (6144K), 3 survivors (6144K)
 Metaspace       used 127330K, committed 129728K, reserved 983040K
  class space    used 17524K, committed 18560K, reserved 851968K
}
Event: 46.448 GC heap before
{Heap before GC invocations=85 (full 0):
 garbage-first heap   total 720896K, used 581330K [0x0000000740000000, 0x0000000800000000)
  region size 2048K, 96 young (196608K), 3 survivors (6144K)
 Metaspace       used 129163K, committed 131520K, reserved 983040K
  class space    used 17718K, committed 18752K, reserved 851968K
}

