# JRE version: OpenJDK Runtime Environment Temurin-17.0.19+10 (17.0.19+10) (build 17.0.19+10)
# Java VM: OpenJDK 64-Bit Server VM Temurin-17.0.19+10 (17.0.19+10, mixed mode, sharing, tiered, compressed oops, compressed class ptrs, g1 gc, windows-amd64)
GC Precious Log:
 CPUs: 6 total, 6 available
 Memory: 7367M
 Large Page Support: Disabled
 NUMA Support: Disabled
 Compressed Oops: Enabled (Zero based)
 Heap Region Size: 2M
 Heap Min Capacity: 8M
 Heap Initial Capacity: 116M
 Heap Max Capacity: 3G
 Pre-touch: Disabled
 Parallel Workers: 6
 Concurrent Workers: 2
 Concurrent Refinement Workers: 6
 Periodic GC: Disabled
Heap:
 garbage-first heap   total 282624K, used 156021K [0x0000000740000000, 0x0000000800000000)
  region size 2048K, 3 young (6144K), 3 survivors (6144K)
 Metaspace       used 103913K, committed 104960K, reserved 983040K
  class space    used 14435K, committed 14976K, reserved 851968K
GC Heap History (20 events):
Event: 22.280 GC heap after
{Heap after GC invocations=38 (full 0):
 garbage-first heap   total 282624K, used 96572K [0x0000000740000000, 0x0000000800000000)
  region size 2048K, 5 young (10240K), 5 survivors (10240K)
 Metaspace       used 74148K, committed 74944K, reserved 917504K
  class space    used 10455K, committed 10816K, reserved 851968K
}
Event: 22.315 GC heap before
{Heap before GC invocations=38 (full 0):
 garbage-first heap   total 282624K, used 98620K [0x0000000740000000, 0x0000000800000000)
  region size 2048K, 6 young (12288K), 5 survivors (10240K)
 Metaspace       used 74292K, committed 75072K, reserved 917504K
  class space    used 10474K, committed 10816K, reserved 851968K
}
Event: 22.321 GC heap after
{Heap after GC invocations=39 (full 0):
 garbage-first heap   total 282624K, used 95792K [0x0000000740000000, 0x0000000800000000)
  region size 2048K, 1 young (2048K), 1 survivors (2048K)
 Metaspace       used 74292K, committed 75072K, reserved 917504K
  class space    used 10474K, committed 10816K, reserved 851968K
}
Event: 24.501 GC heap before
{Heap before GC invocations=39 (full 0):
 garbage-first heap   total 282624K, used 214576K [0x0000000740000000, 0x0000000800000000)
  region size 2048K, 60 young (122880K), 1 survivors (2048K)
 Metaspace       used 82361K, committed 83136K, reserved 983040K
  class space    used 11497K, committed 11840K, reserved 851968K
}
Event: 24.512 GC heap after
{Heap after GC invocations=40 (full 0):
 garbage-first heap   total 282624K, used 105089K [0x0000000740000000, 0x0000000800000000)
  region size 2048K, 5 young (10240K), 5 survivors (10240K)
 Metaspace       used 82361K, committed 83136K, reserved 983040K
  class space    used 11497K, committed 11840K, reserved 851968K
}
Event: 26.104 GC heap before
{Heap before GC invocations=40 (full 0):
 garbage-first heap   total 282624K, used 217729K [0x0000000740000000, 0x0000000800000000)
  region size 2048K, 60 young (122880K), 5 survivors (10240K)
 Metaspace       used 87208K, committed 88192K, reserved 983040K
  class space    used 12117K, committed 12608K, reserved 851968K
}
Event: 26.122 GC heap after
{Heap after GC invocations=41 (full 0):
 garbage-first heap   total 282624K, used 113247K [0x0000000740000000, 0x0000000800000000)
  region size 2048K, 5 young (10240K), 5 survivors (10240K)
 Metaspace       used 87208K, committed 88192K, reserved 983040K
  class space    used 12117K, committed 12608K, reserved 851968K
}
Event: 27.879 GC heap before
{Heap before GC invocations=41 (full 0):
 garbage-first heap   total 282624K, used 219743K [0x0000000740000000, 0x0000000800000000)
  region size 2048K, 57 young (116736K), 5 survivors (10240K)
 Metaspace       used 95070K, committed 96064K, reserved 983040K
  class space    used 13351K, committed 13824K, reserved 851968K
}
Event: 27.894 GC heap after
{Heap after GC invocations=42 (full 0):
 garbage-first heap   total 282624K, used 116559K [0x0000000740000000, 0x0000000800000000)
  region size 2048K, 6 young (12288K), 6 survivors (12288K)
 Metaspace       used 95070K, committed 96064K, reserved 983040K
  class space    used 13351K, committed 13824K, reserved 851968K
}
Event: 29.645 GC heap before
{Heap before GC invocations=42 (full 0):
 garbage-first heap   total 282624K, used 229199K [0x0000000740000000, 0x0000000800000000)
  region size 2048K, 59 young (120832K), 6 survivors (12288K)
 Metaspace       used 100373K, committed 101440K, reserved 983040K
  class space    used 13941K, committed 14464K, reserved 851968K
}
Event: 29.667 GC heap after
{Heap after GC invocations=43 (full 0):
 garbage-first heap   total 282624K, used 122601K [0x0000000740000000, 0x0000000800000000)
  region size 2048K, 6 young (12288K), 6 survivors (12288K)
 Metaspace       used 100373K, committed 101440K, reserved 983040K
  class space    used 13941K, committed 14464K, reserved 851968K
}
Event: 30.349 GC heap before
{Heap before GC invocations=43 (full 0):
 garbage-first heap   total 282624K, used 227049K [0x0000000740000000, 0x0000000800000000)
  region size 2048K, 58 young (118784K), 6 survivors (12288K)
 Metaspace       used 100377K, committed 101440K, reserved 983040K
  class space    used 13941K, committed 14464K, reserved 851968K
}
Event: 30.360 GC heap after
{Heap after GC invocations=44 (full 0):
 garbage-first heap   total 282624K, used 125361K [0x0000000740000000, 0x0000000800000000)
  region size 2048K, 6 young (12288K), 6 survivors (12288K)
 Metaspace       used 100377K, committed 101440K, reserved 983040K
  class space    used 13941K, committed 14464K, reserved 851968K
}
Event: 31.834 GC heap before
{Heap before GC invocations=44 (full 0):
 garbage-first heap   total 282624K, used 229809K [0x0000000740000000, 0x0000000800000000)
  region size 2048K, 57 young (116736K), 6 survivors (12288K)
 Metaspace       used 103558K, committed 104576K, reserved 983040K
  class space    used 14409K, committed 14912K, reserved 851968K
}
Event: 31.853 GC heap after
{Heap after GC invocations=45 (full 0):
 garbage-first heap   total 282624K, used 139871K [0x0000000740000000, 0x0000000800000000)
  region size 2048K, 8 young (16384K), 8 survivors (16384K)
 Metaspace       used 103558K, committed 104576K, reserved 983040K
  class space    used 14409K, committed 14912K, reserved 851968K
}
Event: 32.612 GC heap before
{Heap before GC invocations=45 (full 0):
 garbage-first heap   total 282624K, used 223839K [0x0000000740000000, 0x0000000800000000)
  region size 2048K, 49 young (100352K), 8 survivors (16384K)
 Metaspace       used 103650K, committed 104704K, reserved 983040K
  class space    used 14414K, committed 14912K, reserved 851968K
}
Event: 32.624 GC heap after
{Heap after GC invocations=46 (full 0):
 garbage-first heap   total 282624K, used 144301K [0x0000000740000000, 0x0000000800000000)
  region size 2048K, 3 young (6144K), 3 survivors (6144K)
 Metaspace       used 103650K, committed 104704K, reserved 983040K
  class space    used 14414K, committed 14912K, reserved 851968K
}
Event: 33.472 GC heap before
{Heap before GC invocations=46 (full 0):
 garbage-first heap   total 282624K, used 226221K [0x0000000740000000, 0x0000000800000000)
  region size 2048K, 44 young (90112K), 3 survivors (6144K)
 Metaspace       used 103910K, committed 104960K, reserved 983040K
  class space    used 14435K, committed 14976K, reserved 851968K
}
Event: 33.486 GC heap after
{Heap after GC invocations=47 (full 0):
 garbage-first heap   total 282624K, used 153600K [0x0000000740000000, 0x0000000800000000)
  region size 2048K, 6 young (12288K), 6 survivors (12288K)
 Metaspace       used 103910K, committed 104960K, reserved 983040K
  class space    used 14435K, committed 14976K, reserved 851968K
}
Event: 34.316 GC heap before
{Heap before GC invocations=47 (full 0):
 garbage-first heap   total 282624K, used 225280K [0x0000000740000000, 0x0000000800000000)
  region size 2048K, 42 young (86016K), 6 survivors (12288K)
 Metaspace       used 103913K, committed 104960K, reserved 983040K
  class space    used 14435K, committed 14976K, reserved 851968K
}

